#
# There is insufficient memory for the Java Runtime Environment to continue.
# Native memory allocation (malloc) failed to allocate 924720 bytes for Chunk::new
# Possible reasons:
#   The system is out of physical RAM or swap space
#   The process is running with CompressedOops enabled, and the Java Heap may be blocking the growth of the native heap
# Possible solutions:
#   Reduce memory load on the system
#   Increase physical memory or swap space
#   Check if swap backing store is full
#   Decrease Java heap size (-Xmx/-Xms)
#   Decrease number of Java threads
#   Decrease Java thread stack sizes (-Xss)
#   Set larger code cache with -XX:ReservedCodeCacheSize=
#   JVM is running with Unscaled Compressed Oops mode in which the Java heap is
#     placed in the first 4GB address space. The Java Heap base address is the
#     maximum limit for the native heap growth. Please use -XX:HeapBaseMinAddress
#     to set the Java Heap base and to place the Java Heap above 4GB virtual address.
# This output file may be truncated or incomplete.
#
#  Out of Memory Error (arena.cpp:189), pid=22356, tid=17360
#
# JRE version: OpenJDK Runtime Environment Temurin-17.0.4.1+1 (17.0.4.1+1) (build 17.0.4.1+1)
# Java VM: OpenJDK 64-Bit Server VM Temurin-17.0.4.1+1 (17.0.4.1+1, mixed mode, sharing, tiered, compressed oops, compressed class ptrs, g1 gc, windows-amd64)
# No core dump will be written. Minidumps are not enabled by default on client versions of Windows
#

---------------  S U M M A R Y ------------

Command Line: -javaagent:C:\Program Files\JetBrains\IntelliJ IDEA Community Edition 2023.3.3\lib\idea_rt.jar=61896:C:\Program Files\JetBrains\IntelliJ IDEA Community Edition 2023.3.3\bin -Dfile.encoding=UTF-8 me.dio.credit.application.system.CreditApplicationSystemApplicationKt

Host: 11th Gen Intel(R) Core(TM) i3-1115G4 @ 3.00GHz, 4 cores, 3G,  Windows 11 , 64 bit Build 22621 (10.0.22621.2506)
Time: Thu Feb 22 13:45:42 2024 Hora oficial do Brasil elapsed time: 18.421151 seconds (0d 0h 0m 18s)

---------------  T H R E A D  ---------------

Current thread (0x000001c33ab22530):  JavaThread "C2 CompilerThread0" daemon [_thread_in_native, id=17360, stack(0x00000040b1700000,0x00000040b1800000)]


Current CompileTask:
C2:  18421 6868   !   4       org.springframework.util.ClassUtils::getMostSpecificMethod (72 bytes)

Stack: [0x00000040b1700000,0x00000040b1800000]
Native frames: (J=compiled Java code, j=interpreted, Vv=VM code, C=native code)
V  [jvm.dll+0x67731a]
V  [jvm.dll+0x832284]
V  [jvm.dll+0x833a2e]
V  [jvm.dll+0x834093]
V  [jvm.dll+0x245775]
V  [jvm.dll+0xabd7b]
V  [jvm.dll+0xac30c]
V  [jvm.dll+0x363a97]
V  [jvm.dll+0x1bbd52]
V  [jvm.dll+0x2187d9]
V  [jvm.dll+0x217aa1]
V  [jvm.dll+0x1a3f8d]
V  [jvm.dll+0x227498]
V  [jvm.dll+0x2255e5]
V  [jvm.dll+0x7e7e9b]
V  [jvm.dll+0x7e240a]
V  [jvm.dll+0x6761a5]
C  [ucrtbase.dll+0x29363]
C  [KERNEL32.DLL+0x1257d]
C  [ntdll.dll+0x5aa58]


---------------  P R O C E S S  ---------------

Threads class SMR info:
_java_thread_list=0x000001c3407109a0, length=17, elements={
0x000001c31d84e620, 0x000001c33ab04e00, 0x000001c33ab08f90, 0x000001c33ab171f0,
0x000001c33ab17ca0, 0x000001c33ab1ba70, 0x000001c33ab1c420, 0x000001c33ab22530,
0x000001c33ab23770, 0x000001c33ab3d8c0, 0x000001c31d8f20d0, 0x000001c33b76de30,
0x000001c33b6c8a70, 0x000001c33ca28e20, 0x000001c33ca297c0, 0x000001c33ca262d0,
0x000001c33ca267a0
}

Java Threads: ( => current thread )
  0x000001c31d84e620 JavaThread "main" [_thread_in_vm, id=4560, stack(0x00000040b0a00000,0x00000040b0b00000)]
  0x000001c33ab04e00 JavaThread "Reference Handler" daemon [_thread_blocked, id=21296, stack(0x00000040b1100000,0x00000040b1200000)]
  0x000001c33ab08f90 JavaThread "Finalizer" daemon [_thread_blocked, id=7884, stack(0x00000040b1200000,0x00000040b1300000)]
  0x000001c33ab171f0 JavaThread "Signal Dispatcher" daemon [_thread_blocked, id=21048, stack(0x00000040b1300000,0x00000040b1400000)]
  0x000001c33ab17ca0 JavaThread "Attach Listener" daemon [_thread_blocked, id=18460, stack(0x00000040b1400000,0x00000040b1500000)]
  0x000001c33ab1ba70 JavaThread "Service Thread" daemon [_thread_blocked, id=9020, stack(0x00000040b1500000,0x00000040b1600000)]
  0x000001c33ab1c420 JavaThread "Monitor Deflation Thread" daemon [_thread_blocked, id=22076, stack(0x00000040b1600000,0x00000040b1700000)]
=>0x000001c33ab22530 JavaThread "C2 CompilerThread0" daemon [_thread_in_native, id=17360, stack(0x00000040b1700000,0x00000040b1800000)]
  0x000001c33ab23770 JavaThread "C1 CompilerThread0" daemon [_thread_blocked, id=19468, stack(0x00000040b1800000,0x00000040b1900000)]
  0x000001c33ab3d8c0 JavaThread "Sweeper thread" daemon [_thread_blocked, id=12248, stack(0x00000040b1900000,0x00000040b1a00000)]
  0x000001c31d8f20d0 JavaThread "Common-Cleaner" daemon [_thread_blocked, id=2936, stack(0x00000040b1a00000,0x00000040b1b00000)]
  0x000001c33b76de30 JavaThread "Monitor Ctrl-Break" daemon [_thread_in_native, id=14880, stack(0x00000040b1b00000,0x00000040b1c00000)]
  0x000001c33b6c8a70 JavaThread "Notification Thread" daemon [_thread_blocked, id=4864, stack(0x00000040b1c00000,0x00000040b1d00000)]
  0x000001c33ca28e20 JavaThread "HikariPool-1 housekeeper" daemon [_thread_blocked, id=9536, stack(0x00000040b2100000,0x00000040b2200000)]
  0x000001c33ca297c0 JavaThread "Catalina-utility-1" [_thread_blocked, id=13440, stack(0x00000040b2200000,0x00000040b2300000)]
  0x000001c33ca262d0 JavaThread "Catalina-utility-2" [_thread_blocked, id=7944, stack(0x00000040b2300000,0x00000040b2400000)]
  0x000001c33ca267a0 JavaThread "container-0" [_thread_blocked, id=14512, stack(0x00000040b2400000,0x00000040b2500000)]

Other Threads:
  0x000001c31d8fec30 VMThread "VM Thread" [stack: 0x00000040b1000000,0x00000040b1100000] [id=17456]
  0x000001c33b9e91f0 WatcherThread [stack: 0x00000040b1d00000,0x00000040b1e00000] [id=16704]
  0x000001c31d8891b0 GCTaskThread "GC Thread#0" [stack: 0x00000040b0b00000,0x00000040b0c00000] [id=3028]
  0x000001c33bd70030 GCTaskThread "GC Thread#1" [stack: 0x00000040b1e00000,0x00000040b1f00000] [id=16016]
  0x000001c33bf57cf0 GCTaskThread "GC Thread#2" [stack: 0x00000040b1f00000,0x00000040b2000000] [id=14832]
  0x000001c33bf593c0 GCTaskThread "GC Thread#3" [stack: 0x00000040b2000000,0x00000040b2100000] [id=14096]
  0x000001c31d7fe070 ConcurrentGCThread "G1 Main Marker" [stack: 0x00000040b0c00000,0x00000040b0d00000] [id=14200]
  0x000001c31d7fe990 ConcurrentGCThread "G1 Conc#0" [stack: 0x00000040b0d00000,0x00000040b0e00000] [id=10276]
  0x000001c31d8ce280 ConcurrentGCThread "G1 Refine#0" [stack: 0x00000040b0e00000,0x00000040b0f00000] [id=2916]
  0x000001c31d8cfcb0 ConcurrentGCThread "G1 Service" [stack: 0x00000040b0f00000,0x00000040b1000000] [id=18260]

Threads with active compile tasks:
C2 CompilerThread0    18495 6868   !   4       org.springframework.util.ClassUtils::getMostSpecificMethod (72 bytes)

VM state: not at safepoint (normal execution)

VM Mutex/Monitor currently owned by a thread: None

Heap address: 0x00000000c3200000, size: 974 MB, Compressed Oops mode: 32-bit

CDS archive(s) mapped at: [0x0000000800000000-0x0000000800bc0000-0x0000000800bc0000), size 12320768, SharedBaseAddress: 0x0000000800000000, ArchiveRelocationMode: 0.
Compressed class space mapped at: 0x0000000800c00000-0x0000000840c00000, reserved size: 1073741824
Narrow klass base: 0x0000000800000000, Narrow klass shift: 0, Narrow klass range: 0x100000000

GC Precious Log:
 CPUs: 4 total, 4 available
 Memory: 3895M
 Large Page Support: Disabled
 NUMA Support: Disabled
 Compressed Oops: Enabled (32-bit)
 Heap Region Size: 1M
 Heap Min Capacity: 8M
 Heap Initial Capacity: 62M
 Heap Max Capacity: 974M
 Pre-touch: Disabled
 Parallel Workers: 4
 Concurrent Workers: 1
 Concurrent Refinement Workers: 4
 Periodic GC: Disabled

Heap:
 garbage-first heap   total 220160K, used 79872K [0x00000000c3200000, 0x0000000100000000)
  region size 1024K, 35 young (35840K), 11 survivors (11264K)
 Metaspace       used 72223K, committed 72768K, reserved 1114112K
  class space    used 9363K, committed 9664K, reserved 1048576K

Heap Regions: E=young(eden), S=young(survivor), O=old, HS=humongous(starts), HC=humongous(continues), CS=collection set, F=free, OA=open archive, CA=closed archive, TAMS=top-at-mark-start (previous, next)
|   0|0x00000000c3200000, 0x00000000c3300000, 0x00000000c3300000|100%|HS|  |TAMS 0x00000000c3300000, 0x00000000c3200000| Complete 
|   1|0x00000000c3300000, 0x00000000c3400000, 0x00000000c3400000|100%| O|  |TAMS 0x00000000c3400000, 0x00000000c3300000| Untracked 
|   2|0x00000000c3400000, 0x00000000c3500000, 0x00000000c3500000|100%| O|  |TAMS 0x00000000c3500000, 0x00000000c3400000| Untracked 
|   3|0x00000000c3500000, 0x00000000c3600000, 0x00000000c3600000|100%| O|  |TAMS 0x00000000c3600000, 0x00000000c3500000| Untracked 
|   4|0x00000000c3600000, 0x00000000c3700000, 0x00000000c3700000|100%| O|  |TAMS 0x00000000c3700000, 0x00000000c3600000| Untracked 
|   5|0x00000000c3700000, 0x00000000c3800000, 0x00000000c3800000|100%| O|  |TAMS 0x00000000c3800000, 0x00000000c3700000| Untracked 
|   6|0x00000000c3800000, 0x00000000c3900000, 0x00000000c3900000|100%| O|  |TAMS 0x00000000c3900000, 0x00000000c3800000| Untracked 
|   7|0x00000000c3900000, 0x00000000c3a00000, 0x00000000c3a00000|100%| O|  |TAMS 0x00000000c3a00000, 0x00000000c3900000| Untracked 
|   8|0x00000000c3a00000, 0x00000000c3b00000, 0x00000000c3b00000|100%| O|  |TAMS 0x00000000c3b00000, 0x00000000c3a00000| Untracked 
|   9|0x00000000c3b00000, 0x00000000c3c00000, 0x00000000c3c00000|100%| O|  |TAMS 0x00000000c3c00000, 0x00000000c3b00000| Untracked 
|  10|0x00000000c3c00000, 0x00000000c3d00000, 0x00000000c3d00000|100%| O|  |TAMS 0x00000000c3d00000, 0x00000000c3c00000| Untracked 
|  11|0x00000000c3d00000, 0x00000000c3e00000, 0x00000000c3e00000|100%| O|  |TAMS 0x00000000c3e00000, 0x00000000c3d00000| Untracked 
|  12|0x00000000c3e00000, 0x00000000c3f00000, 0x00000000c3f00000|100%| O|  |TAMS 0x00000000c3f00000, 0x00000000c3e00000| Untracked 
|  13|0x00000000c3f00000, 0x00000000c4000000, 0x00000000c4000000|100%| O|  |TAMS 0x00000000c4000000, 0x00000000c3f00000| Untracked 
|  14|0x00000000c4000000, 0x00000000c4100000, 0x00000000c4100000|100%| O|  |TAMS 0x00000000c4100000, 0x00000000c4000000| Untracked 
|  15|0x00000000c4100000, 0x00000000c4200000, 0x00000000c4200000|100%| O|  |TAMS 0x00000000c4200000, 0x00000000c4100000| Untracked 
|  16|0x00000000c4200000, 0x00000000c4300000, 0x00000000c4300000|100%| O|  |TAMS 0x00000000c4300000, 0x00000000c4200000| Untracked 
|  17|0x00000000c4300000, 0x00000000c4400000, 0x00000000c4400000|100%| O|  |TAMS 0x00000000c4400000, 0x00000000c4300000| Untracked 
|  18|0x00000000c4400000, 0x00000000c4500000, 0x00000000c4500000|100%| O|  |TAMS 0x00000000c4500000, 0x00000000c4400000| Untracked 
|  19|0x00000000c4500000, 0x00000000c4600000, 0x00000000c4600000|100%| O|  |TAMS 0x00000000c4600000, 0x00000000c4500000| Untracked 
|  20|0x00000000c4600000, 0x00000000c4700000, 0x00000000c4700000|100%| O|  |TAMS 0x00000000c4700000, 0x00000000c4600000| Untracked 
|  21|0x00000000c4700000, 0x00000000c4800000, 0x00000000c4800000|100%| O|  |TAMS 0x00000000c4800000, 0x00000000c4700000| Untracked 
|  22|0x00000000c4800000, 0x00000000c4900000, 0x00000000c4900000|100%| O|  |TAMS 0x00000000c4900000, 0x00000000c4800000| Untracked 
|  23|0x00000000c4900000, 0x00000000c4a00000, 0x00000000c4a00000|100%| O|  |TAMS 0x00000000c4a00000, 0x00000000c4900000| Untracked 
|  24|0x00000000c4a00000, 0x00000000c4b00000, 0x00000000c4b00000|100%| O|  |TAMS 0x00000000c4b00000, 0x00000000c4a00000| Untracked 
|  25|0x00000000c4b00000, 0x00000000c4c00000, 0x00000000c4c00000|100%| O|  |TAMS 0x00000000c4c00000, 0x00000000c4b00000| Untracked 
|  26|0x00000000c4c00000, 0x00000000c4d00000, 0x00000000c4d00000|100%| O|  |TAMS 0x00000000c4d00000, 0x00000000c4c00000| Untracked 
|  27|0x00000000c4d00000, 0x00000000c4e00000, 0x00000000c4e00000|100%| O|  |TAMS 0x00000000c4e00000, 0x00000000c4d00000| Untracked 
|  28|0x00000000c4e00000, 0x00000000c4e00000, 0x00000000c4f00000|  0%| F|  |TAMS 0x00000000c4e00000, 0x00000000c4e00000| Untracked 
|  29|0x00000000c4f00000, 0x00000000c5000000, 0x00000000c5000000|100%| O|  |TAMS 0x00000000c5000000, 0x00000000c4f00000| Untracked 
|  30|0x00000000c5000000, 0x00000000c5100000, 0x00000000c5100000|100%| O|  |TAMS 0x00000000c5100000, 0x00000000c5000000| Untracked 
|  31|0x00000000c5100000, 0x00000000c5200000, 0x00000000c5200000|100%| O|  |TAMS 0x00000000c5200000, 0x00000000c5100000| Untracked 
|  32|0x00000000c5200000, 0x00000000c5300000, 0x00000000c5300000|100%| O|  |TAMS 0x00000000c5200000, 0x00000000c5200000| Untracked 
|  33|0x00000000c5300000, 0x00000000c5400000, 0x00000000c5400000|100%| O|  |TAMS 0x00000000c5400000, 0x00000000c5300000| Untracked 
|  34|0x00000000c5400000, 0x00000000c5500000, 0x00000000c5500000|100%| O|  |TAMS 0x00000000c5500000, 0x00000000c5400000| Untracked 
|  35|0x00000000c5500000, 0x00000000c5600000, 0x00000000c5600000|100%| O|  |TAMS 0x00000000c5600000, 0x00000000c5500000| Untracked 
|  36|0x00000000c5600000, 0x00000000c5700000, 0x00000000c5700000|100%| O|  |TAMS 0x00000000c5649800, 0x00000000c5600000| Untracked 
|  37|0x00000000c5700000, 0x00000000c5800000, 0x00000000c5800000|100%| O|  |TAMS 0x00000000c5700000, 0x00000000c5700000| Untracked 
|  38|0x00000000c5800000, 0x00000000c5900000, 0x00000000c5900000|100%| O|  |TAMS 0x00000000c5800000, 0x00000000c5800000| Untracked 
|  39|0x00000000c5900000, 0x00000000c5a00000, 0x00000000c5a00000|100%| O|  |TAMS 0x00000000c5900000, 0x00000000c5900000| Untracked 
|  40|0x00000000c5a00000, 0x00000000c5b00000, 0x00000000c5b00000|100%| O|  |TAMS 0x00000000c5a00000, 0x00000000c5a00000| Untracked 
|  41|0x00000000c5b00000, 0x00000000c5c00000, 0x00000000c5c00000|100%| O|  |TAMS 0x00000000c5b00000, 0x00000000c5b00000| Untracked 
|  42|0x00000000c5c00000, 0x00000000c5d00000, 0x00000000c5d00000|100%| O|  |TAMS 0x00000000c5c00000, 0x00000000c5c00000| Untracked 
|  43|0x00000000c5d00000, 0x00000000c5e00000, 0x00000000c5e00000|100%| O|  |TAMS 0x00000000c5d00000, 0x00000000c5d00000| Untracked 
|  44|0x00000000c5e00000, 0x00000000c5f00000, 0x00000000c5f00000|100%| O|  |TAMS 0x00000000c5e00000, 0x00000000c5e00000| Untracked 
|  45|0x00000000c5f00000, 0x00000000c6000000, 0x00000000c6000000|100%| O|  |TAMS 0x00000000c5f00000, 0x00000000c5f00000| Untracked 
|  46|0x00000000c6000000, 0x00000000c6000000, 0x00000000c6100000|  0%| F|  |TAMS 0x00000000c6000000, 0x00000000c6000000| Untracked 
|  47|0x00000000c6100000, 0x00000000c6100000, 0x00000000c6200000|  0%| F|  |TAMS 0x00000000c6100000, 0x00000000c6100000| Untracked 
|  48|0x00000000c6200000, 0x00000000c6200000, 0x00000000c6300000|  0%| F|  |TAMS 0x00000000c6200000, 0x00000000c6200000| Untracked 
|  49|0x00000000c6300000, 0x00000000c6300000, 0x00000000c6400000|  0%| F|  |TAMS 0x00000000c6300000, 0x00000000c6300000| Untracked 
|  50|0x00000000c6400000, 0x00000000c6400000, 0x00000000c6500000|  0%| F|  |TAMS 0x00000000c6400000, 0x00000000c6400000| Untracked 
|  51|0x00000000c6500000, 0x00000000c6500000, 0x00000000c6600000|  0%| F|  |TAMS 0x00000000c6500000, 0x00000000c6500000| Untracked 
|  52|0x00000000c6600000, 0x00000000c6600000, 0x00000000c6700000|  0%| F|  |TAMS 0x00000000c6600000, 0x00000000c6600000| Untracked 
|  53|0x00000000c6700000, 0x00000000c6700000, 0x00000000c6800000|  0%| F|  |TAMS 0x00000000c6700000, 0x00000000c6700000| Untracked 
|  54|0x00000000c6800000, 0x00000000c6800000, 0x00000000c6900000|  0%| F|  |TAMS 0x00000000c6800000, 0x00000000c6800000| Untracked 
|  55|0x00000000c6900000, 0x00000000c6900000, 0x00000000c6a00000|  0%| F|  |TAMS 0x00000000c6900000, 0x00000000c6900000| Untracked 
|  56|0x00000000c6a00000, 0x00000000c6a00000, 0x00000000c6b00000|  0%| F|  |TAMS 0x00000000c6a00000, 0x00000000c6a00000| Untracked 
|  57|0x00000000c6b00000, 0x00000000c6b00000, 0x00000000c6c00000|  0%| F|  |TAMS 0x00000000c6b00000, 0x00000000c6b00000| Untracked 
|  58|0x00000000c6c00000, 0x00000000c6c00000, 0x00000000c6d00000|  0%| F|  |TAMS 0x00000000c6c00000, 0x00000000c6c00000| Untracked 
|  59|0x00000000c6d00000, 0x00000000c6d00000, 0x00000000c6e00000|  0%| F|  |TAMS 0x00000000c6d00000, 0x00000000c6d00000| Untracked 
|  60|0x00000000c6e00000, 0x00000000c6e00000, 0x00000000c6f00000|  0%| F|  |TAMS 0x00000000c6e00000, 0x00000000c6e00000| Untracked 
|  61|0x00000000c6f00000, 0x00000000c6f00000, 0x00000000c7000000|  0%| F|  |TAMS 0x00000000c6f00000, 0x00000000c6f00000| Untracked 
|  62|0x00000000c7000000, 0x00000000c7000000, 0x00000000c7100000|  0%| F|  |TAMS 0x00000000c7000000, 0x00000000c7000000| Untracked 
|  63|0x00000000c7100000, 0x00000000c7100000, 0x00000000c7200000|  0%| F|  |TAMS 0x00000000c7100000, 0x00000000c7100000| Untracked 
|  64|0x00000000c7200000, 0x00000000c7200000, 0x00000000c7300000|  0%| F|  |TAMS 0x00000000c7200000, 0x00000000c7200000| Untracked 
|  65|0x00000000c7300000, 0x00000000c7300000, 0x00000000c7400000|  0%| F|  |TAMS 0x00000000c7300000, 0x00000000c7300000| Untracked 
|  66|0x00000000c7400000, 0x00000000c7400000, 0x00000000c7500000|  0%| F|  |TAMS 0x00000000c7400000, 0x00000000c7400000| Untracked 
|  67|0x00000000c7500000, 0x00000000c7500000, 0x00000000c7600000|  0%| F|  |TAMS 0x00000000c7500000, 0x00000000c7500000| Untracked 
|  68|0x00000000c7600000, 0x00000000c7600000, 0x00000000c7700000|  0%| F|  |TAMS 0x00000000c7600000, 0x00000000c7600000| Untracked 
|  69|0x00000000c7700000, 0x00000000c7700000, 0x00000000c7800000|  0%| F|  |TAMS 0x00000000c7700000, 0x00000000c7700000| Untracked 
|  70|0x00000000c7800000, 0x00000000c7800000, 0x00000000c7900000|  0%| F|  |TAMS 0x00000000c7800000, 0x00000000c7800000| Untracked 
|  71|0x00000000c7900000, 0x00000000c7900000, 0x00000000c7a00000|  0%| F|  |TAMS 0x00000000c7900000, 0x00000000c7900000| Untracked 
|  72|0x00000000c7a00000, 0x00000000c7a00000, 0x00000000c7b00000|  0%| F|  |TAMS 0x00000000c7a00000, 0x00000000c7a00000| Untracked 
|  73|0x00000000c7b00000, 0x00000000c7b00000, 0x00000000c7c00000|  0%| F|  |TAMS 0x00000000c7b00000, 0x00000000c7b00000| Untracked 
|  74|0x00000000c7c00000, 0x00000000c7c00000, 0x00000000c7d00000|  0%| F|  |TAMS 0x00000000c7c00000, 0x00000000c7c00000| Untracked 
|  75|0x00000000c7d00000, 0x00000000c7d00000, 0x00000000c7e00000|  0%| F|  |TAMS 0x00000000c7d00000, 0x00000000c7d00000| Untracked 
|  76|0x00000000c7e00000, 0x00000000c7e00000, 0x00000000c7f00000|  0%| F|  |TAMS 0x00000000c7e00000, 0x00000000c7e00000| Untracked 
|  77|0x00000000c7f00000, 0x00000000c7f00000, 0x00000000c8000000|  0%| F|  |TAMS 0x00000000c7f00000, 0x00000000c7f00000| Untracked 
|  78|0x00000000c8000000, 0x00000000c8000000, 0x00000000c8100000|  0%| F|  |TAMS 0x00000000c8000000, 0x00000000c8000000| Untracked 
|  79|0x00000000c8100000, 0x00000000c8100000, 0x00000000c8200000|  0%| F|  |TAMS 0x00000000c8100000, 0x00000000c8100000| Untracked 
|  80|0x00000000c8200000, 0x00000000c8200000, 0x00000000c8300000|  0%| F|  |TAMS 0x00000000c8200000, 0x00000000c8200000| Untracked 
|  81|0x00000000c8300000, 0x00000000c8300000, 0x00000000c8400000|  0%| F|  |TAMS 0x00000000c8300000, 0x00000000c8300000| Untracked 
|  82|0x00000000c8400000, 0x00000000c8400000, 0x00000000c8500000|  0%| F|  |TAMS 0x00000000c8400000, 0x00000000c8400000| Untracked 
|  83|0x00000000c8500000, 0x00000000c8500000, 0x00000000c8600000|  0%| F|  |TAMS 0x00000000c8500000, 0x00000000c8500000| Untracked 
|  84|0x00000000c8600000, 0x00000000c8600000, 0x00000000c8700000|  0%| F|  |TAMS 0x00000000c8600000, 0x00000000c8600000| Untracked 
|  85|0x00000000c8700000, 0x00000000c8700000, 0x00000000c8800000|  0%| F|  |TAMS 0x00000000c8700000, 0x00000000c8700000| Untracked 
|  86|0x00000000c8800000, 0x00000000c8800000, 0x00000000c8900000|  0%| F|  |TAMS 0x00000000c8800000, 0x00000000c8800000| Untracked 
|  87|0x00000000c8900000, 0x00000000c8900000, 0x00000000c8a00000|  0%| F|  |TAMS 0x00000000c8900000, 0x00000000c8900000| Untracked 
|  88|0x00000000c8a00000, 0x00000000c8a00000, 0x00000000c8b00000|  0%| F|  |TAMS 0x00000000c8a00000, 0x00000000c8a00000| Untracked 
|  89|0x00000000c8b00000, 0x00000000c8b00000, 0x00000000c8c00000|  0%| F|  |TAMS 0x00000000c8b00000, 0x00000000c8b00000| Untracked 
|  90|0x00000000c8c00000, 0x00000000c8c00000, 0x00000000c8d00000|  0%| F|  |TAMS 0x00000000c8c00000, 0x00000000c8c00000| Untracked 
|  91|0x00000000c8d00000, 0x00000000c8d00000, 0x00000000c8e00000|  0%| F|  |TAMS 0x00000000c8d00000, 0x00000000c8d00000| Untracked 
|  92|0x00000000c8e00000, 0x00000000c8e00000, 0x00000000c8f00000|  0%| F|  |TAMS 0x00000000c8e00000, 0x00000000c8e00000| Untracked 
|  93|0x00000000c8f00000, 0x00000000c8f00000, 0x00000000c9000000|  0%| F|  |TAMS 0x00000000c8f00000, 0x00000000c8f00000| Untracked 
|  94|0x00000000c9000000, 0x00000000c9000000, 0x00000000c9100000|  0%| F|  |TAMS 0x00000000c9000000, 0x00000000c9000000| Untracked 
|  95|0x00000000c9100000, 0x00000000c9100000, 0x00000000c9200000|  0%| F|  |TAMS 0x00000000c9100000, 0x00000000c9100000| Untracked 
|  96|0x00000000c9200000, 0x00000000c9200000, 0x00000000c9300000|  0%| F|  |TAMS 0x00000000c9200000, 0x00000000c9200000| Untracked 
|  97|0x00000000c9300000, 0x00000000c9300000, 0x00000000c9400000|  0%| F|  |TAMS 0x00000000c9300000, 0x00000000c9300000| Untracked 
|  98|0x00000000c9400000, 0x00000000c9400000, 0x00000000c9500000|  0%| F|  |TAMS 0x00000000c9400000, 0x00000000c9400000| Untracked 
|  99|0x00000000c9500000, 0x00000000c9500000, 0x00000000c9600000|  0%| F|  |TAMS 0x00000000c9500000, 0x00000000c9500000| Untracked 
| 100|0x00000000c9600000, 0x00000000c9600000, 0x00000000c9700000|  0%| F|  |TAMS 0x00000000c9600000, 0x00000000c9600000| Untracked 
| 101|0x00000000c9700000, 0x00000000c9700000, 0x00000000c9800000|  0%| F|  |TAMS 0x00000000c9700000, 0x00000000c9700000| Untracked 
| 102|0x00000000c9800000, 0x00000000c9800000, 0x00000000c9900000|  0%| F|  |TAMS 0x00000000c9800000, 0x00000000c9800000| Untracked 
| 103|0x00000000c9900000, 0x00000000c9900000, 0x00000000c9a00000|  0%| F|  |TAMS 0x00000000c9900000, 0x00000000c9900000| Untracked 
| 104|0x00000000c9a00000, 0x00000000c9a00000, 0x00000000c9b00000|  0%| F|  |TAMS 0x00000000c9a00000, 0x00000000c9a00000| Untracked 
| 105|0x00000000c9b00000, 0x00000000c9b00000, 0x00000000c9c00000|  0%| F|  |TAMS 0x00000000c9b00000, 0x00000000c9b00000| Untracked 
| 106|0x00000000c9c00000, 0x00000000c9c00000, 0x00000000c9d00000|  0%| F|  |TAMS 0x00000000c9c00000, 0x00000000c9c00000| Untracked 
| 107|0x00000000c9d00000, 0x00000000c9d00000, 0x00000000c9e00000|  0%| F|  |TAMS 0x00000000c9d00000, 0x00000000c9d00000| Untracked 
| 108|0x00000000c9e00000, 0x00000000c9e00000, 0x00000000c9f00000|  0%| F|  |TAMS 0x00000000c9e00000, 0x00000000c9e00000| Untracked 
| 109|0x00000000c9f00000, 0x00000000c9f00000, 0x00000000ca000000|  0%| F|  |TAMS 0x00000000c9f00000, 0x00000000c9f00000| Untracked 
| 110|0x00000000ca000000, 0x00000000ca000000, 0x00000000ca100000|  0%| F|  |TAMS 0x00000000ca000000, 0x00000000ca000000| Untracked 
| 111|0x00000000ca100000, 0x00000000ca100000, 0x00000000ca200000|  0%| F|  |TAMS 0x00000000ca100000, 0x00000000ca100000| Untracked 
| 112|0x00000000ca200000, 0x00000000ca200000, 0x00000000ca300000|  0%| F|  |TAMS 0x00000000ca200000, 0x00000000ca200000| Untracked 
| 113|0x00000000ca300000, 0x00000000ca300000, 0x00000000ca400000|  0%| F|  |TAMS 0x00000000ca300000, 0x00000000ca300000| Untracked 
| 114|0x00000000ca400000, 0x00000000ca400000, 0x00000000ca500000|  0%| F|  |TAMS 0x00000000ca400000, 0x00000000ca400000| Untracked 
| 115|0x00000000ca500000, 0x00000000ca500000, 0x00000000ca600000|  0%| F|  |TAMS 0x00000000ca500000, 0x00000000ca500000| Untracked 
| 116|0x00000000ca600000, 0x00000000ca600000, 0x00000000ca700000|  0%| F|  |TAMS 0x00000000ca600000, 0x00000000ca600000| Untracked 
| 117|0x00000000ca700000, 0x00000000ca800000, 0x00000000ca800000|100%| S|CS|TAMS 0x00000000ca700000, 0x00000000ca700000| Complete 
| 118|0x00000000ca800000, 0x00000000ca900000, 0x00000000ca900000|100%| S|CS|TAMS 0x00000000ca800000, 0x00000000ca800000| Complete 
| 119|0x00000000ca900000, 0x00000000caa00000, 0x00000000caa00000|100%| S|CS|TAMS 0x00000000ca900000, 0x00000000ca900000| Complete 
| 120|0x00000000caa00000, 0x00000000cab00000, 0x00000000cab00000|100%| S|CS|TAMS 0x00000000caa00000, 0x00000000caa00000| Complete 
| 121|0x00000000cab00000, 0x00000000cac00000, 0x00000000cac00000|100%| S|CS|TAMS 0x00000000cab00000, 0x00000000cab00000| Complete 
| 122|0x00000000cac00000, 0x00000000cad00000, 0x00000000cad00000|100%| S|CS|TAMS 0x00000000cac00000, 0x00000000cac00000| Complete 
| 123|0x00000000cad00000, 0x00000000cae00000, 0x00000000cae00000|100%| S|CS|TAMS 0x00000000cad00000, 0x00000000cad00000| Complete 
| 124|0x00000000cae00000, 0x00000000caf00000, 0x00000000caf00000|100%| S|CS|TAMS 0x00000000cae00000, 0x00000000cae00000| Complete 
| 125|0x00000000caf00000, 0x00000000cb000000, 0x00000000cb000000|100%| S|CS|TAMS 0x00000000caf00000, 0x00000000caf00000| Complete 
| 126|0x00000000cb000000, 0x00000000cb100000, 0x00000000cb100000|100%| S|CS|TAMS 0x00000000cb000000, 0x00000000cb000000| Complete 
| 127|0x00000000cb100000, 0x00000000cb200000, 0x00000000cb200000|100%| S|CS|TAMS 0x00000000cb100000, 0x00000000cb100000| Complete 
| 128|0x00000000cb200000, 0x00000000cb200000, 0x00000000cb300000|  0%| F|  |TAMS 0x00000000cb200000, 0x00000000cb200000| Untracked 
| 129|0x00000000cb300000, 0x00000000cb300000, 0x00000000cb400000|  0%| F|  |TAMS 0x00000000cb300000, 0x00000000cb300000| Untracked 
| 130|0x00000000cb400000, 0x00000000cb400000, 0x00000000cb500000|  0%| F|  |TAMS 0x00000000cb400000, 0x00000000cb400000| Untracked 
| 131|0x00000000cb500000, 0x00000000cb500000, 0x00000000cb600000|  0%| F|  |TAMS 0x00000000cb500000, 0x00000000cb500000| Untracked 
| 132|0x00000000cb600000, 0x00000000cb600000, 0x00000000cb700000|  0%| F|  |TAMS 0x00000000cb600000, 0x00000000cb600000| Untracked 
| 133|0x00000000cb700000, 0x00000000cb700000, 0x00000000cb800000|  0%| F|  |TAMS 0x00000000cb700000, 0x00000000cb700000| Untracked 
| 134|0x00000000cb800000, 0x00000000cb800000, 0x00000000cb900000|  0%| F|  |TAMS 0x00000000cb800000, 0x00000000cb800000| Untracked 
| 135|0x00000000cb900000, 0x00000000cb900000, 0x00000000cba00000|  0%| F|  |TAMS 0x00000000cb900000, 0x00000000cb900000| Untracked 
| 136|0x00000000cba00000, 0x00000000cba00000, 0x00000000cbb00000|  0%| F|  |TAMS 0x00000000cba00000, 0x00000000cba00000| Untracked 
| 137|0x00000000cbb00000, 0x00000000cbb00000, 0x00000000cbc00000|  0%| F|  |TAMS 0x00000000cbb00000, 0x00000000cbb00000| Untracked 
| 138|0x00000000cbc00000, 0x00000000cbc00000, 0x00000000cbd00000|  0%| F|  |TAMS 0x00000000cbc00000, 0x00000000cbc00000| Untracked 
| 139|0x00000000cbd00000, 0x00000000cbd00000, 0x00000000cbe00000|  0%| F|  |TAMS 0x00000000cbd00000, 0x00000000cbd00000| Untracked 
| 140|0x00000000cbe00000, 0x00000000cbe00000, 0x00000000cbf00000|  0%| F|  |TAMS 0x00000000cbe00000, 0x00000000cbe00000| Untracked 
| 141|0x00000000cbf00000, 0x00000000cbf00000, 0x00000000cc000000|  0%| F|  |TAMS 0x00000000cbf00000, 0x00000000cbf00000| Untracked 
| 142|0x00000000cc000000, 0x00000000cc000000, 0x00000000cc100000|  0%| F|  |TAMS 0x00000000cc000000, 0x00000000cc000000| Untracked 
| 143|0x00000000cc100000, 0x00000000cc100000, 0x00000000cc200000|  0%| F|  |TAMS 0x00000000cc100000, 0x00000000cc100000| Untracked 
| 144|0x00000000cc200000, 0x00000000cc200000, 0x00000000cc300000|  0%| F|  |TAMS 0x00000000cc200000, 0x00000000cc200000| Untracked 
| 145|0x00000000cc300000, 0x00000000cc300000, 0x00000000cc400000|  0%| F|  |TAMS 0x00000000cc300000, 0x00000000cc300000| Untracked 
| 146|0x00000000cc400000, 0x00000000cc400000, 0x00000000cc500000|  0%| F|  |TAMS 0x00000000cc400000, 0x00000000cc400000| Untracked 
| 147|0x00000000cc500000, 0x00000000cc500000, 0x00000000cc600000|  0%| F|  |TAMS 0x00000000cc500000, 0x00000000cc500000| Untracked 
| 148|0x00000000cc600000, 0x00000000cc600000, 0x00000000cc700000|  0%| F|  |TAMS 0x00000000cc600000, 0x00000000cc600000| Untracked 
| 149|0x00000000cc700000, 0x00000000cc700000, 0x00000000cc800000|  0%| F|  |TAMS 0x00000000cc700000, 0x00000000cc700000| Untracked 
| 150|0x00000000cc800000, 0x00000000cc800000, 0x00000000cc900000|  0%| F|  |TAMS 0x00000000cc800000, 0x00000000cc800000| Untracked 
| 151|0x00000000cc900000, 0x00000000cc900000, 0x00000000cca00000|  0%| F|  |TAMS 0x00000000cc900000, 0x00000000cc900000| Untracked 
| 152|0x00000000cca00000, 0x00000000cca00000, 0x00000000ccb00000|  0%| F|  |TAMS 0x00000000cca00000, 0x00000000cca00000| Untracked 
| 153|0x00000000ccb00000, 0x00000000ccb00000, 0x00000000ccc00000|  0%| F|  |TAMS 0x00000000ccb00000, 0x00000000ccb00000| Untracked 
| 154|0x00000000ccc00000, 0x00000000ccc00000, 0x00000000ccd00000|  0%| F|  |TAMS 0x00000000ccc00000, 0x00000000ccc00000| Untracked 
| 155|0x00000000ccd00000, 0x00000000ccd00000, 0x00000000cce00000|  0%| F|  |TAMS 0x00000000ccd00000, 0x00000000ccd00000| Untracked 
| 156|0x00000000cce00000, 0x00000000cce00000, 0x00000000ccf00000|  0%| F|  |TAMS 0x00000000cce00000, 0x00000000cce00000| Untracked 
| 157|0x00000000ccf00000, 0x00000000ccf00000, 0x00000000cd000000|  0%| F|  |TAMS 0x00000000ccf00000, 0x00000000ccf00000| Untracked 
| 158|0x00000000cd000000, 0x00000000cd000000, 0x00000000cd100000|  0%| F|  |TAMS 0x00000000cd000000, 0x00000000cd000000| Untracked 
| 159|0x00000000cd100000, 0x00000000cd100000, 0x00000000cd200000|  0%| F|  |TAMS 0x00000000cd100000, 0x00000000cd100000| Untracked 
| 160|0x00000000cd200000, 0x00000000cd200000, 0x00000000cd300000|  0%| F|  |TAMS 0x00000000cd200000, 0x00000000cd200000| Untracked 
| 161|0x00000000cd300000, 0x00000000cd300000, 0x00000000cd400000|  0%| F|  |TAMS 0x00000000cd300000, 0x00000000cd300000| Untracked 
| 162|0x00000000cd400000, 0x00000000cd400000, 0x00000000cd500000|  0%| F|  |TAMS 0x00000000cd400000, 0x00000000cd400000| Untracked 
| 163|0x00000000cd500000, 0x00000000cd500000, 0x00000000cd600000|  0%| F|  |TAMS 0x00000000cd500000, 0x00000000cd500000| Untracked 
| 164|0x00000000cd600000, 0x00000000cd600000, 0x00000000cd700000|  0%| F|  |TAMS 0x00000000cd600000, 0x00000000cd600000| Untracked 
| 165|0x00000000cd700000, 0x00000000cd700000, 0x00000000cd800000|  0%| F|  |TAMS 0x00000000cd700000, 0x00000000cd700000| Untracked 
| 166|0x00000000cd800000, 0x00000000cd800000, 0x00000000cd900000|  0%| F|  |TAMS 0x00000000cd800000, 0x00000000cd800000| Untracked 
| 167|0x00000000cd900000, 0x00000000cd900000, 0x00000000cda00000|  0%| F|  |TAMS 0x00000000cd900000, 0x00000000cd900000| Untracked 
| 168|0x00000000cda00000, 0x00000000cda00000, 0x00000000cdb00000|  0%| F|  |TAMS 0x00000000cda00000, 0x00000000cda00000| Untracked 
| 169|0x00000000cdb00000, 0x00000000cdb00000, 0x00000000cdc00000|  0%| F|  |TAMS 0x00000000cdb00000, 0x00000000cdb00000| Untracked 
| 170|0x00000000cdc00000, 0x00000000cdc00000, 0x00000000cdd00000|  0%| F|  |TAMS 0x00000000cdc00000, 0x00000000cdc00000| Untracked 
| 171|0x00000000cdd00000, 0x00000000cdd00000, 0x00000000cde00000|  0%| F|  |TAMS 0x00000000cdd00000, 0x00000000cdd00000| Untracked 
| 172|0x00000000cde00000, 0x00000000cde00000, 0x00000000cdf00000|  0%| F|  |TAMS 0x00000000cde00000, 0x00000000cde00000| Untracked 
| 173|0x00000000cdf00000, 0x00000000cdf00000, 0x00000000ce000000|  0%| F|  |TAMS 0x00000000cdf00000, 0x00000000cdf00000| Untracked 
| 174|0x00000000ce000000, 0x00000000ce000000, 0x00000000ce100000|  0%| F|  |TAMS 0x00000000ce000000, 0x00000000ce000000| Untracked 
| 175|0x00000000ce100000, 0x00000000ce100000, 0x00000000ce200000|  0%| F|  |TAMS 0x00000000ce100000, 0x00000000ce100000| Untracked 
| 176|0x00000000ce200000, 0x00000000ce200000, 0x00000000ce300000|  0%| F|  |TAMS 0x00000000ce200000, 0x00000000ce200000| Untracked 
| 177|0x00000000ce300000, 0x00000000ce300000, 0x00000000ce400000|  0%| F|  |TAMS 0x00000000ce300000, 0x00000000ce300000| Untracked 
| 178|0x00000000ce400000, 0x00000000ce400000, 0x00000000ce500000|  0%| F|  |TAMS 0x00000000ce400000, 0x00000000ce400000| Untracked 
| 179|0x00000000ce500000, 0x00000000ce500000, 0x00000000ce600000|  0%| F|  |TAMS 0x00000000ce500000, 0x00000000ce500000| Untracked 
| 180|0x00000000ce600000, 0x00000000ce600000, 0x00000000ce700000|  0%| F|  |TAMS 0x00000000ce600000, 0x00000000ce600000| Untracked 
| 181|0x00000000ce700000, 0x00000000ce700000, 0x00000000ce800000|  0%| F|  |TAMS 0x00000000ce700000, 0x00000000ce700000| Untracked 
| 182|0x00000000ce800000, 0x00000000ce800000, 0x00000000ce900000|  0%| F|  |TAMS 0x00000000ce800000, 0x00000000ce800000| Untracked 
| 183|0x00000000ce900000, 0x00000000ce900000, 0x00000000cea00000|  0%| F|  |TAMS 0x00000000ce900000, 0x00000000ce900000| Untracked 
| 184|0x00000000cea00000, 0x00000000cea00000, 0x00000000ceb00000|  0%| F|  |TAMS 0x00000000cea00000, 0x00000000cea00000| Untracked 
| 185|0x00000000ceb00000, 0x00000000ceb00000, 0x00000000cec00000|  0%| F|  |TAMS 0x00000000ceb00000, 0x00000000ceb00000| Untracked 
| 186|0x00000000cec00000, 0x00000000cec00000, 0x00000000ced00000|  0%| F|  |TAMS 0x00000000cec00000, 0x00000000cec00000| Untracked 
| 187|0x00000000ced00000, 0x00000000ced00000, 0x00000000cee00000|  0%| F|  |TAMS 0x00000000ced00000, 0x00000000ced00000| Untracked 
| 188|0x00000000cee00000, 0x00000000cee00000, 0x00000000cef00000|  0%| F|  |TAMS 0x00000000cee00000, 0x00000000cee00000| Untracked 
| 189|0x00000000cef00000, 0x00000000cef00000, 0x00000000cf000000|  0%| F|  |TAMS 0x00000000cef00000, 0x00000000cef00000| Untracked 
| 190|0x00000000cf000000, 0x00000000cf000000, 0x00000000cf100000|  0%| F|  |TAMS 0x00000000cf000000, 0x00000000cf000000| Untracked 
| 191|0x00000000cf100000, 0x00000000cf200000, 0x00000000cf200000|100%| E|  |TAMS 0x00000000cf100000, 0x00000000cf100000| Complete 
| 192|0x00000000cf200000, 0x00000000cf300000, 0x00000000cf300000|100%| E|CS|TAMS 0x00000000cf200000, 0x00000000cf200000| Complete 
| 193|0x00000000cf300000, 0x00000000cf400000, 0x00000000cf400000|100%| E|CS|TAMS 0x00000000cf300000, 0x00000000cf300000| Complete 
| 194|0x00000000cf400000, 0x00000000cf500000, 0x00000000cf500000|100%| E|CS|TAMS 0x00000000cf400000, 0x00000000cf400000| Complete 
| 195|0x00000000cf500000, 0x00000000cf600000, 0x00000000cf600000|100%| E|CS|TAMS 0x00000000cf500000, 0x00000000cf500000| Complete 
| 196|0x00000000cf600000, 0x00000000cf700000, 0x00000000cf700000|100%| E|CS|TAMS 0x00000000cf600000, 0x00000000cf600000| Complete 
| 197|0x00000000cf700000, 0x00000000cf800000, 0x00000000cf800000|100%| E|CS|TAMS 0x00000000cf700000, 0x00000000cf700000| Complete 
| 198|0x00000000cf800000, 0x00000000cf900000, 0x00000000cf900000|100%| E|CS|TAMS 0x00000000cf800000, 0x00000000cf800000| Complete 
| 199|0x00000000cf900000, 0x00000000cfa00000, 0x00000000cfa00000|100%| E|CS|TAMS 0x00000000cf900000, 0x00000000cf900000| Complete 
| 200|0x00000000cfa00000, 0x00000000cfb00000, 0x00000000cfb00000|100%| E|CS|TAMS 0x00000000cfa00000, 0x00000000cfa00000| Complete 
| 201|0x00000000cfb00000, 0x00000000cfc00000, 0x00000000cfc00000|100%| E|CS|TAMS 0x00000000cfb00000, 0x00000000cfb00000| Complete 
| 202|0x00000000cfc00000, 0x00000000cfd00000, 0x00000000cfd00000|100%| E|CS|TAMS 0x00000000cfc00000, 0x00000000cfc00000| Complete 
| 203|0x00000000cfd00000, 0x00000000cfe00000, 0x00000000cfe00000|100%| E|CS|TAMS 0x00000000cfd00000, 0x00000000cfd00000| Complete 
| 204|0x00000000cfe00000, 0x00000000cff00000, 0x00000000cff00000|100%| E|CS|TAMS 0x00000000cfe00000, 0x00000000cfe00000| Complete 
| 205|0x00000000cff00000, 0x00000000d0000000, 0x00000000d0000000|100%| E|CS|TAMS 0x00000000cff00000, 0x00000000cff00000| Complete 
| 206|0x00000000d0000000, 0x00000000d0100000, 0x00000000d0100000|100%| E|CS|TAMS 0x00000000d0000000, 0x00000000d0000000| Complete 
| 207|0x00000000d0100000, 0x00000000d0200000, 0x00000000d0200000|100%| E|CS|TAMS 0x00000000d0100000, 0x00000000d0100000| Complete 
| 208|0x00000000d0200000, 0x00000000d0300000, 0x00000000d0300000|100%| E|CS|TAMS 0x00000000d0200000, 0x00000000d0200000| Complete 
| 209|0x00000000d0300000, 0x00000000d0400000, 0x00000000d0400000|100%| E|CS|TAMS 0x00000000d0300000, 0x00000000d0300000| Complete 
| 210|0x00000000d0400000, 0x00000000d0500000, 0x00000000d0500000|100%| E|CS|TAMS 0x00000000d0400000, 0x00000000d0400000| Complete 
| 211|0x00000000d0500000, 0x00000000d0600000, 0x00000000d0600000|100%| E|CS|TAMS 0x00000000d0500000, 0x00000000d0500000| Complete 
| 212|0x00000000d0600000, 0x00000000d0700000, 0x00000000d0700000|100%| E|  |TAMS 0x00000000d0600000, 0x00000000d0600000| Complete 
| 213|0x00000000d0700000, 0x00000000d0800000, 0x00000000d0800000|100%| E|CS|TAMS 0x00000000d0700000, 0x00000000d0700000| Complete 
| 214|0x00000000d0800000, 0x00000000d0900000, 0x00000000d0900000|100%| E|CS|TAMS 0x00000000d0800000, 0x00000000d0800000| Complete 

Card table byte_map: [0x000001c336310000,0x000001c336500000] _byte_map_base: 0x000001c335cf7000

Marking Bits (Prev, Next): (CMBitMap*) 0x000001c31d8897c0, (CMBitMap*) 0x000001c31d889800
 Prev Bits: [0x000001c3366f0000, 0x000001c337628000)
 Next Bits: [0x000001c337630000, 0x000001c338568000)

Polling page: 0x000001c31d6f0000

Metaspace:

Usage:
  Non-class:     61.40 MB used.
      Class:      9.15 MB used.
       Both:     70.54 MB used.

Virtual space:
  Non-class space:       64.00 MB reserved,      61.62 MB ( 96%) committed,  8 nodes.
      Class space:        1.00 GB reserved,       9.44 MB ( <1%) committed,  1 nodes.
             Both:        1.06 GB reserved,      71.06 MB (  7%) committed. 

Chunk freelists:
   Non-Class:  2.19 MB
       Class:  2.55 MB
        Both:  4.74 MB

MaxMetaspaceSize: unlimited
CompressedClassSpaceSize: 1.00 GB
Initial GC threshold: 21.00 MB
Current GC threshold: 116.69 MB
CDS: on
MetaspaceReclaimPolicy: balanced
 - commit_granule_bytes: 65536.
 - commit_granule_words: 8192.
 - virtual_space_node_default_size: 1048576.
 - enlarge_chunks_in_place: 1.
 - new_chunks_are_fully_committed: 0.
 - uncommit_free_chunks: 1.
 - use_allocation_guard: 0.
 - handle_deallocations: 1.


Internal statistics:

num_allocs_failed_limit: 6.
num_arena_births: 700.
num_arena_deaths: 0.
num_vsnodes_births: 9.
num_vsnodes_deaths: 0.
num_space_committed: 1137.
num_space_uncommitted: 0.
num_chunks_returned_to_freelist: 6.
num_chunks_taken_from_freelist: 3329.
num_chunk_merges: 6.
num_chunk_splits: 2474.
num_chunks_enlarged: 2021.
num_purges: 0.
num_inconsistent_stats: 0.

CodeHeap 'non-profiled nmethods': size=120000Kb used=3684Kb max_used=3684Kb free=116315Kb
 bounds [0x000001c32e5d0000, 0x000001c32e970000, 0x000001c335b00000]
CodeHeap 'profiled nmethods': size=120000Kb used=13425Kb max_used=13425Kb free=106574Kb
 bounds [0x000001c3270a0000, 0x000001c327dc0000, 0x000001c32e5d0000]
CodeHeap 'non-nmethods': size=5760Kb used=1387Kb max_used=1423Kb free=4372Kb
 bounds [0x000001c326b00000, 0x000001c326d70000, 0x000001c3270a0000]
 total_blobs=6933 nmethods=6211 adapters=634
 compilation: enabled
              stopped_count=0, restarted_count=0
 full_count=0

Compilation events (20 events):
Event: 18.375 Thread 0x000001c33ab23770 6960       2       org.springframework.context.annotation.ConfigurationClassPostProcessor$ImportAwareBeanPostProcessor::postProcessProperties (26 bytes)
Event: 18.375 Thread 0x000001c33ab23770 nmethod 6960 0x000001c327daa310 code [0x000001c327daa4c0, 0x000001c327daa6c8]
Event: 18.375 Thread 0x000001c33ab23770 6961       2       org.springframework.context.support.ApplicationListenerDetector::postProcessBeforeInitialization (2 bytes)
Event: 18.375 Thread 0x000001c33ab23770 nmethod 6961 0x000001c327daa790 code [0x000001c327daa920, 0x000001c327daaa38]
Event: 18.380 Thread 0x000001c33ab23770 6963       2       org.springframework.context.support.PostProcessorRegistrationDelegate$BeanPostProcessorChecker::postProcessAfterInitialization (65 bytes)
Event: 18.381 Thread 0x000001c33ab23770 nmethod 6963 0x000001c327daab10 code [0x000001c327daad00, 0x000001c327dab098]
Event: 18.381 Thread 0x000001c33ab23770 6964       2       org.springframework.beans.factory.support.DisposableBeanAdapter::hasDestroyMethod (24 bytes)
Event: 18.381 Thread 0x000001c33ab23770 nmethod 6964 0x000001c327dab310 code [0x000001c327dab4a0, 0x000001c327dab648]
Event: 18.393 Thread 0x000001c33ab23770 6965       2       org.springframework.context.annotation.ConfigurationClassPostProcessor$ImportAwareBeanPostProcessor::postProcessBeforeInitialization (62 bytes)
Event: 18.393 Thread 0x000001c33ab23770 nmethod 6965 0x000001c327dab710 code [0x000001c327dab960, 0x000001c327dabf88]
Event: 18.397 Thread 0x000001c33ab23770 6966       2       org.springframework.core.MethodParameter::forExecutable (58 bytes)
Event: 18.397 Thread 0x000001c33ab23770 nmethod 6966 0x000001c327dac310 code [0x000001c327dac520, 0x000001c327dacbf8]
Event: 18.397 Thread 0x000001c33ab23770 6967       2       org.springframework.core.MethodParameter::getMethodAnnotations (14 bytes)
Event: 18.397 Thread 0x000001c33ab23770 nmethod 6967 0x000001c327dacf10 code [0x000001c327dad0c0, 0x000001c327dad218]
Event: 18.406 Thread 0x000001c33ab23770 6968   !   2       java.lang.ClassLoader::addClass (27 bytes)
Event: 18.406 Thread 0x000001c33ab23770 nmethod 6968 0x000001c327dad390 code [0x000001c327dad540, 0x000001c327dad748]
Event: 18.408 Thread 0x000001c33ab23770 6969       2       org.springframework.beans.factory.annotation.InitDestroyAnnotationBeanPostProcessor::postProcessAfterInitialization (2 bytes)
Event: 18.408 Thread 0x000001c33ab23770 nmethod 6969 0x000001c327dad890 code [0x000001c327dada20, 0x000001c327dadb38]
Event: 18.408 Thread 0x000001c33ab23770 6970       2       org.springframework.context.support.PostProcessorRegistrationDelegate$BeanPostProcessorChecker::postProcessBeforeInitialization (2 bytes)
Event: 18.409 Thread 0x000001c33ab23770 nmethod 6970 0x000001c327dadc10 code [0x000001c327dadda0, 0x000001c327dadeb8]

GC Heap History (20 events):
Event: 15.485 GC heap before
{Heap before GC invocations=26 (full 0):
 garbage-first heap   total 51200K, used 41552K [0x00000000c3200000, 0x0000000100000000)
  region size 1024K, 15 young (15360K), 2 survivors (2048K)
 Metaspace       used 66947K, committed 67392K, reserved 1114112K
  class space    used 8760K, committed 8960K, reserved 1048576K
}
Event: 15.490 GC heap after
{Heap after GC invocations=27 (full 0):
 garbage-first heap   total 51200K, used 29502K [0x00000000c3200000, 0x0000000100000000)
  region size 1024K, 2 young (2048K), 2 survivors (2048K)
 Metaspace       used 66947K, committed 67392K, reserved 1114112K
  class space    used 8760K, committed 8960K, reserved 1048576K
}
Event: 15.821 GC heap before
{Heap before GC invocations=28 (full 0):
 garbage-first heap   total 56320K, used 40766K [0x00000000c3200000, 0x0000000100000000)
  region size 1024K, 13 young (13312K), 2 survivors (2048K)
 Metaspace       used 67581K, committed 68032K, reserved 1114112K
  class space    used 8837K, committed 9024K, reserved 1048576K
}
Event: 15.824 GC heap after
{Heap after GC invocations=29 (full 0):
 garbage-first heap   total 56320K, used 30416K [0x00000000c3200000, 0x0000000100000000)
  region size 1024K, 1 young (1024K), 1 survivors (1024K)
 Metaspace       used 67581K, committed 68032K, reserved 1114112K
  class space    used 8837K, committed 9024K, reserved 1048576K
}
Event: 16.282 GC heap before
{Heap before GC invocations=29 (full 0):
 garbage-first heap   total 56320K, used 45776K [0x00000000c3200000, 0x0000000100000000)
  region size 1024K, 16 young (16384K), 1 survivors (1024K)
 Metaspace       used 69870K, committed 70336K, reserved 1114112K
  class space    used 9136K, committed 9344K, reserved 1048576K
}
Event: 16.290 GC heap after
{Heap after GC invocations=30 (full 0):
 garbage-first heap   total 56320K, used 31872K [0x00000000c3200000, 0x0000000100000000)
  region size 1024K, 2 young (2048K), 2 survivors (2048K)
 Metaspace       used 69870K, committed 70336K, reserved 1114112K
  class space    used 9136K, committed 9344K, reserved 1048576K
}
Event: 16.636 GC heap before
{Heap before GC invocations=31 (full 0):
 garbage-first heap   total 56320K, used 39040K [0x00000000c3200000, 0x0000000100000000)
  region size 1024K, 10 young (10240K), 2 survivors (2048K)
 Metaspace       used 70912K, committed 71360K, reserved 1114112K
  class space    used 9248K, committed 9472K, reserved 1048576K
}
Event: 16.640 GC heap after
{Heap after GC invocations=32 (full 0):
 garbage-first heap   total 56320K, used 32818K [0x00000000c3200000, 0x0000000100000000)
  region size 1024K, 1 young (1024K), 1 survivors (1024K)
 Metaspace       used 70912K, committed 71360K, reserved 1114112K
  class space    used 9248K, committed 9472K, reserved 1048576K
}
Event: 16.757 GC heap before
{Heap before GC invocations=33 (full 0):
 garbage-first heap   total 68608K, used 45106K [0x00000000c3200000, 0x0000000100000000)
  region size 1024K, 13 young (13312K), 1 survivors (1024K)
 Metaspace       used 70966K, committed 71488K, reserved 1114112K
  class space    used 9248K, committed 9472K, reserved 1048576K
}
Event: 16.761 GC heap after
{Heap after GC invocations=34 (full 0):
 garbage-first heap   total 68608K, used 36477K [0x00000000c3200000, 0x0000000100000000)
  region size 1024K, 2 young (2048K), 2 survivors (2048K)
 Metaspace       used 70966K, committed 71488K, reserved 1114112K
  class space    used 9248K, committed 9472K, reserved 1048576K
}
Event: 17.009 GC heap before
{Heap before GC invocations=34 (full 0):
 garbage-first heap   total 68608K, used 52861K [0x00000000c3200000, 0x0000000100000000)
  region size 1024K, 19 young (19456K), 2 survivors (2048K)
 Metaspace       used 71023K, committed 71488K, reserved 1114112K
  class space    used 9251K, committed 9472K, reserved 1048576K
}
Event: 17.015 GC heap after
{Heap after GC invocations=35 (full 0):
 garbage-first heap   total 68608K, used 39206K [0x00000000c3200000, 0x0000000100000000)
  region size 1024K, 3 young (3072K), 3 survivors (3072K)
 Metaspace       used 71023K, committed 71488K, reserved 1114112K
  class space    used 9251K, committed 9472K, reserved 1048576K
}
Event: 17.260 GC heap before
{Heap before GC invocations=36 (full 0):
 garbage-first heap   total 73728K, used 49446K [0x00000000c3200000, 0x0000000100000000)
  region size 1024K, 14 young (14336K), 3 survivors (3072K)
 Metaspace       used 71151K, committed 71680K, reserved 1114112K
  class space    used 9262K, committed 9472K, reserved 1048576K
}
Event: 17.268 GC heap after
{Heap after GC invocations=37 (full 0):
 garbage-first heap   total 73728K, used 43000K [0x00000000c3200000, 0x0000000100000000)
  region size 1024K, 3 young (3072K), 3 survivors (3072K)
 Metaspace       used 71151K, committed 71680K, reserved 1114112K
  class space    used 9262K, committed 9472K, reserved 1048576K
}
Event: 17.366 GC heap before
{Heap before GC invocations=38 (full 0):
 garbage-first heap   total 89088K, used 57336K [0x00000000c3200000, 0x0000000100000000)
  region size 1024K, 16 young (16384K), 3 survivors (3072K)
 Metaspace       used 71189K, committed 71680K, reserved 1114112K
  class space    used 9262K, committed 9472K, reserved 1048576K
}
Event: 17.370 GC heap after
{Heap after GC invocations=39 (full 0):
 garbage-first heap   total 89088K, used 46240K [0x00000000c3200000, 0x0000000100000000)
  region size 1024K, 2 young (2048K), 2 survivors (2048K)
 Metaspace       used 71189K, committed 71680K, reserved 1114112K
  class space    used 9262K, committed 9472K, reserved 1048576K
}
Event: 17.375 GC heap before
{Heap before GC invocations=39 (full 0):
 garbage-first heap   total 89088K, used 48288K [0x00000000c3200000, 0x0000000100000000)
  region size 1024K, 4 young (4096K), 2 survivors (2048K)
 Metaspace       used 71194K, committed 71680K, reserved 1114112K
  class space    used 9262K, committed 9472K, reserved 1048576K
}
Event: 17.378 GC heap after
{Heap after GC invocations=40 (full 0):
 garbage-first heap   total 220160K, used 46408K [0x00000000c3200000, 0x0000000100000000)
  region size 1024K, 1 young (1024K), 1 survivors (1024K)
 Metaspace       used 71194K, committed 71680K, reserved 1114112K
  class space    used 9262K, committed 9472K, reserved 1048576K
}
Event: 17.910 GC heap before
{Heap before GC invocations=40 (full 0):
 garbage-first heap   total 220160K, used 136520K [0x00000000c3200000, 0x0000000100000000)
  region size 1024K, 88 young (90112K), 1 survivors (1024K)
 Metaspace       used 71351K, committed 71808K, reserved 1114112K
  class space    used 9264K, committed 9472K, reserved 1048576K
}
Event: 17.921 GC heap after
{Heap after GC invocations=41 (full 0):
 garbage-first heap   total 220160K, used 57344K [0x00000000c3200000, 0x0000000100000000)
  region size 1024K, 11 young (11264K), 11 survivors (11264K)
 Metaspace       used 71351K, committed 71808K, reserved 1114112K
  class space    used 9264K, committed 9472K, reserved 1048576K
}

Deoptimization events (20 events):
Event: 18.019 Thread 0x000001c31d84e620 Uncommon trap: trap_request=0xffffffbe fr.pc=0x000001c32e8e4184 relative=0x0000000000001024
Event: 18.019 Thread 0x000001c31d84e620 Uncommon trap: reason=profile_predicate action=maybe_recompile pc=0x000001c32e8e4184 method=org.springframework.transaction.annotation.AnnotationTransactionAttributeSource.determineTransactionAttribute(Ljava/lang/reflect/AnnotatedElement;)Lorg/springframe
Event: 18.019 Thread 0x000001c31d84e620 DEOPT PACKING pc=0x000001c32e8e4184 sp=0x00000040b0afe050
Event: 18.019 Thread 0x000001c31d84e620 DEOPT UNPACKING pc=0x000001c326b55c23 sp=0x00000040b0afe018 mode 2
Event: 18.019 Thread 0x000001c31d84e620 Uncommon trap: trap_request=0xffffffbe fr.pc=0x000001c32e8e4184 relative=0x0000000000001024
Event: 18.019 Thread 0x000001c31d84e620 Uncommon trap: reason=profile_predicate action=maybe_recompile pc=0x000001c32e8e4184 method=org.springframework.transaction.annotation.AnnotationTransactionAttributeSource.determineTransactionAttribute(Ljava/lang/reflect/AnnotatedElement;)Lorg/springframe
Event: 18.019 Thread 0x000001c31d84e620 DEOPT PACKING pc=0x000001c32e8e4184 sp=0x00000040b0afe050
Event: 18.019 Thread 0x000001c31d84e620 DEOPT UNPACKING pc=0x000001c326b55c23 sp=0x00000040b0afe018 mode 2
Event: 18.019 Thread 0x000001c31d84e620 Uncommon trap: trap_request=0xffffffbe fr.pc=0x000001c32e8e4184 relative=0x0000000000001024
Event: 18.019 Thread 0x000001c31d84e620 Uncommon trap: reason=profile_predicate action=maybe_recompile pc=0x000001c32e8e4184 method=org.springframework.transaction.annotation.AnnotationTransactionAttributeSource.determineTransactionAttribute(Ljava/lang/reflect/AnnotatedElement;)Lorg/springframe
Event: 18.019 Thread 0x000001c31d84e620 DEOPT PACKING pc=0x000001c32e8e4184 sp=0x00000040b0afe050
Event: 18.019 Thread 0x000001c31d84e620 DEOPT UNPACKING pc=0x000001c326b55c23 sp=0x00000040b0afe018 mode 2
Event: 18.069 Thread 0x000001c31d84e620 Uncommon trap: trap_request=0xffffff45 fr.pc=0x000001c32e7f273c relative=0x0000000000000a3c
Event: 18.069 Thread 0x000001c31d84e620 Uncommon trap: reason=unstable_if action=reinterpret pc=0x000001c32e7f273c method=org.springframework.beans.factory.support.DefaultSingletonBeanRegistry.getSingleton(Ljava/lang/String;Z)Ljava/lang/Object; @ 39 c2
Event: 18.069 Thread 0x000001c31d84e620 DEOPT PACKING pc=0x000001c32e7f273c sp=0x00000040b0afe010
Event: 18.069 Thread 0x000001c31d84e620 DEOPT UNPACKING pc=0x000001c326b55c23 sp=0x00000040b0afdfa8 mode 2
Event: 18.331 Thread 0x000001c31d84e620 Uncommon trap: trap_request=0xfffffff4 fr.pc=0x000001c32e74acc4 relative=0x0000000000000224
Event: 18.331 Thread 0x000001c31d84e620 Uncommon trap: reason=null_check action=make_not_entrant pc=0x000001c32e74acc4 method=org.springframework.util.ClassUtils.isAssignable(Ljava/lang/Class;Ljava/lang/Class;)Z @ 14 c2
Event: 18.331 Thread 0x000001c31d84e620 DEOPT PACKING pc=0x000001c32e74acc4 sp=0x00000040b0afe450
Event: 18.331 Thread 0x000001c31d84e620 DEOPT UNPACKING pc=0x000001c326b55c23 sp=0x00000040b0afe3e0 mode 2

Classes unloaded (0 events):
No events

Classes redefined (0 events):
No events

Internal exceptions (20 events):
Event: 17.759 Thread 0x000001c33ca26c70 Exception <a 'sun/nio/fs/WindowsException'{0x00000000cc90c470}> (0x00000000cc90c470) 
thrown [s\src\hotspot\share\prims\jni.cpp, line 516]
Event: 17.759 Thread 0x000001c33ca28950 Exception <a 'sun/nio/fs/WindowsException'{0x00000000cc953908}> (0x00000000cc953908) 
thrown [s\src\hotspot\share\prims\jni.cpp, line 516]
Event: 17.759 Thread 0x000001c33ca26c70 Exception <a 'sun/nio/fs/WindowsException'{0x00000000cc90c7d0}> (0x00000000cc90c7d0) 
thrown [s\src\hotspot\share\prims\jni.cpp, line 516]
Event: 17.759 Thread 0x000001c33ca28950 Exception <a 'sun/nio/fs/WindowsException'{0x00000000cc953c60}> (0x00000000cc953c60) 
thrown [s\src\hotspot\share\prims\jni.cpp, line 516]
Event: 17.759 Thread 0x000001c33ca26c70 Exception <a 'sun/nio/fs/WindowsException'{0x00000000cc90d180}> (0x00000000cc90d180) 
thrown [s\src\hotspot\share\prims\jni.cpp, line 516]
Event: 17.759 Thread 0x000001c33ca28950 Exception <a 'sun/nio/fs/WindowsException'{0x00000000cc954610}> (0x00000000cc954610) 
thrown [s\src\hotspot\share\prims\jni.cpp, line 516]
Event: 17.759 Thread 0x000001c33ca26c70 Exception <a 'sun/nio/fs/WindowsException'{0x00000000cc90d4f8}> (0x00000000cc90d4f8) 
thrown [s\src\hotspot\share\prims\jni.cpp, line 516]
Event: 17.759 Thread 0x000001c33ca28950 Exception <a 'sun/nio/fs/WindowsException'{0x00000000cc954988}> (0x00000000cc954988) 
thrown [s\src\hotspot\share\prims\jni.cpp, line 516]
Event: 17.759 Thread 0x000001c33ca26c70 Exception <a 'sun/nio/fs/WindowsException'{0x00000000cc90ded0}> (0x00000000cc90ded0) 
thrown [s\src\hotspot\share\prims\jni.cpp, line 516]
Event: 17.759 Thread 0x000001c33ca28950 Exception <a 'sun/nio/fs/WindowsException'{0x00000000cc955350}> (0x00000000cc955350) 
thrown [s\src\hotspot\share\prims\jni.cpp, line 516]
Event: 17.759 Thread 0x000001c33ca26c70 Exception <a 'sun/nio/fs/WindowsException'{0x00000000cc90e260}> (0x00000000cc90e260) 
thrown [s\src\hotspot\share\prims\jni.cpp, line 516]
Event: 17.759 Thread 0x000001c33ca28950 Exception <a 'sun/nio/fs/WindowsException'{0x00000000cc9556e0}> (0x00000000cc9556e0) 
thrown [s\src\hotspot\share\prims\jni.cpp, line 516]
Event: 17.759 Thread 0x000001c33ca26c70 Exception <a 'sun/nio/fs/WindowsException'{0x00000000cc90ec50}> (0x00000000cc90ec50) 
thrown [s\src\hotspot\share\prims\jni.cpp, line 516]
Event: 17.759 Thread 0x000001c33ca28950 Exception <a 'sun/nio/fs/WindowsException'{0x00000000cc9560a0}> (0x00000000cc9560a0) 
thrown [s\src\hotspot\share\prims\jni.cpp, line 516]
Event: 17.760 Thread 0x000001c33ca26c70 Exception <a 'sun/nio/fs/WindowsException'{0x00000000cc90f000}> (0x00000000cc90f000) 
thrown [s\src\hotspot\share\prims\jni.cpp, line 516]
Event: 17.760 Thread 0x000001c33ca28950 Exception <a 'sun/nio/fs/WindowsException'{0x00000000cc956428}> (0x00000000cc956428) 
thrown [s\src\hotspot\share\prims\jni.cpp, line 516]
Event: 17.760 Thread 0x000001c33ca26c70 Exception <a 'sun/nio/fs/WindowsException'{0x00000000cc90f9d8}> (0x00000000cc90f9d8) 
thrown [s\src\hotspot\share\prims\jni.cpp, line 516]
Event: 17.760 Thread 0x000001c33ca26c70 Exception <a 'sun/nio/fs/WindowsException'{0x00000000cc90fd80}> (0x00000000cc90fd80) 
thrown [s\src\hotspot\share\prims\jni.cpp, line 516]
Event: 18.060 Thread 0x000001c31d84e620 Exception <a 'java/lang/NoSuchMethodError'{0x00000000cf80df88}: 'int java.lang.invoke.DirectMethodHandle$Holder.invokeStaticInit(java.lang.Object, java.lang.Object, java.lang.Object, java.lang.Object)'> (0x00000000cf80df88) 
thrown [s\src\hotspot\share\interpreter\linkResolver.cpp, line 759]
Event: 18.331 Thread 0x000001c31d84e620 Implicit null exception at 0x000001c32e74aaba to 0x000001c32e74acb0

VM Operations (20 events):
Event: 17.079 Executing VM operation: G1Concurrent
Event: 17.085 Executing VM operation: G1Concurrent done
Event: 17.111 Executing VM operation: G1Concurrent
Event: 17.111 Executing VM operation: G1Concurrent done
Event: 17.127 Executing VM operation: HandshakeAllThreads
Event: 17.127 Executing VM operation: HandshakeAllThreads done
Event: 17.127 Executing VM operation: HandshakeAllThreads
Event: 17.127 Executing VM operation: HandshakeAllThreads done
Event: 17.254 Executing VM operation: G1TryInitiateConcMark
Event: 17.270 Executing VM operation: G1TryInitiateConcMark done
Event: 17.336 Executing VM operation: G1Concurrent
Event: 17.339 Executing VM operation: G1Concurrent done
Event: 17.364 Executing VM operation: G1Concurrent
Event: 17.364 Executing VM operation: G1Concurrent done
Event: 17.366 Executing VM operation: G1CollectForAllocation
Event: 17.371 Executing VM operation: G1CollectForAllocation done
Event: 17.375 Executing VM operation: G1CollectForAllocation
Event: 17.379 Executing VM operation: G1CollectForAllocation done
Event: 17.909 Executing VM operation: G1CollectForAllocation
Event: 17.923 Executing VM operation: G1CollectForAllocation done

Events (20 events):
Event: 17.993 Thread 0x000001c340051700 Thread exited: 0x000001c340051700
Event: 17.993 Thread 0x000001c33ca28950 Thread exited: 0x000001c33ca28950
Event: 17.993 Thread 0x000001c33ca27fb0 Thread exited: 0x000001c33ca27fb0
Event: 17.993 Thread 0x000001c34004f080 Thread exited: 0x000001c34004f080
Event: 17.995 Thread 0x000001c33ca27ae0 Thread added: 0x000001c33ca27ae0
Event: 17.996 Thread 0x000001c33ca28950 Thread added: 0x000001c33ca28950
Event: 17.996 Thread 0x000001c33ca26c70 Thread added: 0x000001c33ca26c70
Event: 17.996 Thread 0x000001c33ca27fb0 Thread added: 0x000001c33ca27fb0
Event: 17.997 Thread 0x000001c340051bd0 Thread added: 0x000001c340051bd0
Event: 17.997 Thread 0x000001c34004c530 Thread added: 0x000001c34004c530
Event: 17.998 Thread 0x000001c340052a40 Thread added: 0x000001c340052a40
Event: 17.998 Thread 0x000001c340051230 Thread added: 0x000001c340051230
Event: 18.007 Thread 0x000001c33ca28950 Thread exited: 0x000001c33ca28950
Event: 18.007 Thread 0x000001c34004c530 Thread exited: 0x000001c34004c530
Event: 18.007 Thread 0x000001c33ca27ae0 Thread exited: 0x000001c33ca27ae0
Event: 18.007 Thread 0x000001c33ca26c70 Thread exited: 0x000001c33ca26c70
Event: 18.007 Thread 0x000001c340052a40 Thread exited: 0x000001c340052a40
Event: 18.007 Thread 0x000001c340051bd0 Thread exited: 0x000001c340051bd0
Event: 18.007 Thread 0x000001c340051230 Thread exited: 0x000001c340051230
Event: 18.007 Thread 0x000001c33ca27fb0 Thread exited: 0x000001c33ca27fb0


Dynamic libraries:
0x00007ff7c70c0000 - 0x00007ff7c70ce000 	C:\Program Files\Eclipse Adoptium\jdk-17.0.4.101-hotspot\bin\java.exe
0x00007ffe6b910000 - 0x00007ffe6bb27000 	C:\WINDOWS\SYSTEM32\ntdll.dll
0x00007ffe6a2e0000 - 0x00007ffe6a3a4000 	C:\WINDOWS\System32\KERNEL32.DLL
0x00007ffe69230000 - 0x00007ffe695d6000 	C:\WINDOWS\System32\KERNELBASE.dll
0x00007ffe68fa0000 - 0x00007ffe690b1000 	C:\WINDOWS\System32\ucrtbase.dll
0x00007ffe5fce0000 - 0x00007ffe5fcf8000 	C:\Program Files\Eclipse Adoptium\jdk-17.0.4.101-hotspot\bin\jli.dll
0x00007ffe5f880000 - 0x00007ffe5f899000 	C:\Program Files\Eclipse Adoptium\jdk-17.0.4.101-hotspot\bin\VCRUNTIME140.dll
0x00007ffe6b4b0000 - 0x00007ffe6b65e000 	C:\WINDOWS\System32\USER32.dll
0x00007ffe68f70000 - 0x00007ffe68f96000 	C:\WINDOWS\System32\win32u.dll
0x00007ffe69fb0000 - 0x00007ffe69fd9000 	C:\WINDOWS\System32\GDI32.dll
0x00007ffe68c80000 - 0x00007ffe68d98000 	C:\WINDOWS\System32\gdi32full.dll
0x00007ffe68ed0000 - 0x00007ffe68f6a000 	C:\WINDOWS\System32\msvcp_win.dll
0x00007ffe4d830000 - 0x00007ffe4dac3000 	C:\WINDOWS\WinSxS\amd64_microsoft.windows.common-controls_6595b64144ccf1df_6.0.22621.2506_none_270c5ae97388e100\COMCTL32.dll
0x00007ffe6b400000 - 0x00007ffe6b4a7000 	C:\WINDOWS\System32\msvcrt.dll
0x00007ffe6a7c0000 - 0x00007ffe6a7f1000 	C:\WINDOWS\System32\IMM32.DLL
0x00007ffe61900000 - 0x00007ffe6190c000 	C:\Program Files\Eclipse Adoptium\jdk-17.0.4.101-hotspot\bin\vcruntime140_1.dll
0x00007ffe47760000 - 0x00007ffe477f1000 	C:\Program Files\Eclipse Adoptium\jdk-17.0.4.101-hotspot\bin\msvcp140.dll
0x00007ffe09f90000 - 0x00007ffe0abd6000 	C:\Program Files\Eclipse Adoptium\jdk-17.0.4.101-hotspot\bin\server\jvm.dll
0x00007ffe6b180000 - 0x00007ffe6b233000 	C:\WINDOWS\System32\ADVAPI32.dll
0x00007ffe6b660000 - 0x00007ffe6b708000 	C:\WINDOWS\System32\sechost.dll
0x00007ffe68c50000 - 0x00007ffe68c78000 	C:\WINDOWS\System32\bcrypt.dll
0x00007ffe6b060000 - 0x00007ffe6b177000 	C:\WINDOWS\System32\RPCRT4.dll
0x00007ffe6b240000 - 0x00007ffe6b248000 	C:\WINDOWS\System32\PSAPI.DLL
0x00007ffe60210000 - 0x00007ffe60219000 	C:\WINDOWS\SYSTEM32\WSOCK32.dll
0x00007ffe62190000 - 0x00007ffe621c4000 	C:\WINDOWS\SYSTEM32\WINMM.dll
0x00007ffe62070000 - 0x00007ffe6207a000 	C:\WINDOWS\SYSTEM32\VERSION.dll
0x00007ffe6afe0000 - 0x00007ffe6b051000 	C:\WINDOWS\System32\WS2_32.dll
0x00007ffe67d70000 - 0x00007ffe67d88000 	C:\WINDOWS\SYSTEM32\kernel.appcore.dll
0x00007ffe615e0000 - 0x00007ffe615ea000 	C:\Program Files\Eclipse Adoptium\jdk-17.0.4.101-hotspot\bin\jimage.dll
0x00007ffe66050000 - 0x00007ffe66283000 	C:\WINDOWS\SYSTEM32\DBGHELP.DLL
0x00007ffe6a420000 - 0x00007ffe6a7a9000 	C:\WINDOWS\System32\combase.dll
0x00007ffe6a180000 - 0x00007ffe6a257000 	C:\WINDOWS\System32\OLEAUT32.dll
0x00007ffe609d0000 - 0x00007ffe60a02000 	C:\WINDOWS\SYSTEM32\dbgcore.DLL
0x00007ffe695e0000 - 0x00007ffe6965a000 	C:\WINDOWS\System32\bcryptPrimitives.dll
0x00007ffe61580000 - 0x00007ffe6158e000 	C:\Program Files\Eclipse Adoptium\jdk-17.0.4.101-hotspot\bin\instrument.dll
0x00007ffe504f0000 - 0x00007ffe50515000 	C:\Program Files\Eclipse Adoptium\jdk-17.0.4.101-hotspot\bin\java.dll
0x00007ffe3d6e0000 - 0x00007ffe3d7b6000 	C:\Program Files\Eclipse Adoptium\jdk-17.0.4.101-hotspot\bin\jsvml.dll
0x00007ffe69660000 - 0x00007ffe69eba000 	C:\WINDOWS\System32\SHELL32.dll
0x00007ffe66bb0000 - 0x00007ffe674a6000 	C:\WINDOWS\SYSTEM32\windows.storage.dll
0x00007ffe66a70000 - 0x00007ffe66bae000 	C:\WINDOWS\SYSTEM32\wintypes.dll
0x00007ffe69fe0000 - 0x00007ffe6a0d3000 	C:\WINDOWS\System32\SHCORE.dll
0x00007ffe6a0e0000 - 0x00007ffe6a13e000 	C:\WINDOWS\System32\shlwapi.dll
0x00007ffe68b80000 - 0x00007ffe68ba6000 	C:\WINDOWS\SYSTEM32\profapi.dll
0x00007ffe50b90000 - 0x00007ffe50ba8000 	C:\Program Files\Eclipse Adoptium\jdk-17.0.4.101-hotspot\bin\zip.dll
0x00007ffe50830000 - 0x00007ffe50849000 	C:\Program Files\Eclipse Adoptium\jdk-17.0.4.101-hotspot\bin\net.dll
0x00007ffe64790000 - 0x00007ffe648c7000 	C:\WINDOWS\SYSTEM32\WINHTTP.dll
0x00007ffe681f0000 - 0x00007ffe68259000 	C:\WINDOWS\system32\mswsock.dll
0x00007ffe50430000 - 0x00007ffe50445000 	C:\Program Files\Eclipse Adoptium\jdk-17.0.4.101-hotspot\bin\nio.dll
0x00007ffe503d0000 - 0x00007ffe503ea000 	C:\Program Files\JetBrains\IntelliJ IDEA Community Edition 2023.3.3\bin\breakgen64.dll
0x00007ffe614c0000 - 0x00007ffe614d0000 	C:\Program Files\Eclipse Adoptium\jdk-17.0.4.101-hotspot\bin\verify.dll
0x00007ffe68440000 - 0x00007ffe6845b000 	C:\WINDOWS\SYSTEM32\CRYPTSP.dll
0x00007ffe67cd0000 - 0x00007ffe67d05000 	C:\WINDOWS\system32\rsaenh.dll
0x00007ffe682e0000 - 0x00007ffe6830c000 	C:\WINDOWS\SYSTEM32\USERENV.dll
0x00007ffe68460000 - 0x00007ffe6846c000 	C:\WINDOWS\SYSTEM32\CRYPTBASE.dll
0x00007ffe67780000 - 0x00007ffe677ad000 	C:\WINDOWS\SYSTEM32\IPHLPAPI.DLL
0x00007ffe6a7b0000 - 0x00007ffe6a7b9000 	C:\WINDOWS\System32\NSI.dll
0x00007ffe620c0000 - 0x00007ffe620d9000 	C:\WINDOWS\SYSTEM32\dhcpcsvc6.DLL
0x00007ffe620a0000 - 0x00007ffe620bf000 	C:\WINDOWS\SYSTEM32\dhcpcsvc.DLL
0x00007ffe677f0000 - 0x00007ffe678e9000 	C:\WINDOWS\SYSTEM32\DNSAPI.dll
0x00007ffe5f870000 - 0x00007ffe5f87e000 	C:\Program Files\Eclipse Adoptium\jdk-17.0.4.101-hotspot\bin\sunmscapi.dll
0x00007ffe690c0000 - 0x00007ffe69226000 	C:\WINDOWS\System32\CRYPT32.dll
0x00007ffe68600000 - 0x00007ffe6862e000 	C:\WINDOWS\SYSTEM32\ncrypt.dll
0x00007ffe685c0000 - 0x00007ffe685f7000 	C:\WINDOWS\SYSTEM32\NTASN1.dll
0x00007ffe60480000 - 0x00007ffe60489000 	C:\Program Files\Eclipse Adoptium\jdk-17.0.4.101-hotspot\bin\management.dll
0x00007ffe5fc20000 - 0x00007ffe5fc2b000 	C:\Program Files\Eclipse Adoptium\jdk-17.0.4.101-hotspot\bin\management_ext.dll

dbghelp: loaded successfully - version: 4.0.5 - missing functions: none
symbol engine: initialized successfully - sym options: 0x614 - pdb path: .;C:\Program Files\Eclipse Adoptium\jdk-17.0.4.101-hotspot\bin;C:\WINDOWS\SYSTEM32;C:\WINDOWS\WinSxS\amd64_microsoft.windows.common-controls_6595b64144ccf1df_6.0.22621.2506_none_270c5ae97388e100;C:\Program Files\Eclipse Adoptium\jdk-17.0.4.101-hotspot\bin\server;C:\Program Files\JetBrains\IntelliJ IDEA Community Edition 2023.3.3\bin

VM Arguments:
jvm_args: -javaagent:C:\Program Files\JetBrains\IntelliJ IDEA Community Edition 2023.3.3\lib\idea_rt.jar=61896:C:\Program Files\JetBrains\IntelliJ IDEA Community Edition 2023.3.3\bin -Dfile.encoding=UTF-8 
java_command: me.dio.credit.application.system.CreditApplicationSystemApplicationKt
java_class_path (initial): C:\Users\maiad\Downloads\coisasDiego\credit-application-system\build\classes\kotlin\main;C:\Users\maiad\Downloads\coisasDiego\credit-application-system\build\resources\main;C:\Users\maiad\.gradle\caches\modules-2\files-2.1\org.jetbrains.kotlin\kotlin-stdlib-jdk8\1.7.22\b75c999616784d452613d670fec56a527f2bd3d1\kotlin-stdlib-jdk8-1.7.22.jar;C:\Users\maiad\.gradle\caches\modules-2\files-2.1\org.springframework.boot\spring-boot-starter-data-jpa\3.0.4\a30a9ab237e22f82251ef67532d34d23cebbf20d\spring-boot-starter-data-jpa-3.0.4.jar;C:\Users\maiad\.gradle\caches\modules-2\files-2.1\org.springframework.boot\spring-boot-starter-validation\3.0.4\c3f185a4d31634c0bd92956a13ffd718d1026b33\spring-boot-starter-validation-3.0.4.jar;C:\Users\maiad\.gradle\caches\modules-2\files-2.1\org.springdoc\springdoc-openapi-starter-webmvc-ui\2.0.2\264da79c9d4a53feab8c5c6d0e0cb143bd099d4\springdoc-openapi-starter-webmvc-ui-2.0.2.jar;C:\Users\maiad\.gradle\caches\modules-2\files-2.1\org.springframework.boot\spring-boot-starter-web\3.0.4\6a7405b436c6943f056cdbab587fe48bdc2b4911\spring-boot-starter-web-3.0.4.jar;C:\Users\maiad\.gradle\caches\modules-2\files-2.1\com.fasterxml.jackson.module\jackson-module-kotlin\2.14.2\eef6cbd3236664588e646157093d1266bf2d6279\jackson-module-kotlin-2.14.2.jar;C:\Users\maiad\.gradle\caches\modules-2\files-2.1\org.flywaydb\flyway-core\9.5.1\31b91966d200d2a827182ba14cfb8917e8dabb38\flyway-core-9.5.1.jar;C:\Users\maiad\.gradle\caches\modules-2\files-2.1\org.jetbrains.kotlin\kotlin-reflect\1.7.22\e61a16c5c838d324529a6aa72dfb88ea98958a29\kotlin-reflect-1.7.22.jar;C:\Users\maiad\.gradle\caches\modules-2\files-2.1\org.jetbrains.kotlin\kotlin-stdlib-jdk7\1.7.22\6aa0a0e051d6b828dc25047025ec245758fab6d9\kotlin-stdlib-jdk7-1.7.22.jar;C:\Users\maiad\.gradle\caches\modules-2\files-2.1\org.jetbrains.kotlin\kotlin-stdlib\1.7.22\9fb43bccb6cf8cfaaf3776c75f5df4f052f09b72\kotlin-stdlib-1.7.22.jar;C:\Users\maiad\.gradle\caches\modules-2\files-2.1\org.springfr
Launcher Type: SUN_STANDARD

[Global flags]
     intx CICompilerCount                          = 3                                         {product} {ergonomic}
     uint ConcGCThreads                            = 1                                         {product} {ergonomic}
     uint G1ConcRefinementThreads                  = 4                                         {product} {ergonomic}
   size_t G1HeapRegionSize                         = 1048576                                   {product} {ergonomic}
    uintx GCDrainStackTargetSize                   = 64                                        {product} {ergonomic}
   size_t InitialHeapSize                          = 65011712                                  {product} {ergonomic}
   size_t MarkStackSize                            = 4194304                                   {product} {ergonomic}
   size_t MaxHeapSize                              = 1021313024                                {product} {ergonomic}
   size_t MaxNewSize                               = 612368384                                 {product} {ergonomic}
   size_t MinHeapDeltaBytes                        = 1048576                                   {product} {ergonomic}
   size_t MinHeapSize                              = 8388608                                   {product} {ergonomic}
    uintx NonNMethodCodeHeapSize                   = 5832780                                {pd product} {ergonomic}
    uintx NonProfiledCodeHeapSize                  = 122912730                              {pd product} {ergonomic}
    uintx ProfiledCodeHeapSize                     = 122912730                              {pd product} {ergonomic}
    uintx ReservedCodeCacheSize                    = 251658240                              {pd product} {ergonomic}
     bool SegmentedCodeCache                       = true                                      {product} {ergonomic}
   size_t SoftMaxHeapSize                          = 1021313024                             {manageable} {ergonomic}
     bool UseCompressedClassPointers               = true                           {product lp64_product} {ergonomic}
     bool UseCompressedOops                        = true                           {product lp64_product} {ergonomic}
     bool UseG1GC                                  = true                                      {product} {ergonomic}
     bool UseLargePagesIndividualAllocation        = false                                  {pd product} {ergonomic}

Logging:
Log output configuration:
 #0: stdout all=warning uptime,level,tags
 #1: stderr all=off uptime,level,tags

Environment Variables:
JAVA_HOME=C:\Program Files\Eclipse Adoptium\jdk-17.0.4.101-hotspot\
PATH=C:\Program Files (x86)\Common Files\Oracle\Java\javapath;C:\Program Files\Eclipse Adoptium\jdk-17.0.4.101-hotspot\bin;C:\WINDOWS\system32;C:\WINDOWS;C:\WINDOWS\System32\Wbem;C:\WINDOWS\System32\WindowsPowerShell\v1.0\;C:\WINDOWS\System32\OpenSSH\;C:\Program Files\Git\cmd;C:\Program Files\;C:\Program Files\nodejs;C:\Program Files\dotnet\;C:\Users\maiad\AppData\Local\Programs\Python\Python311\Scripts\;C:\Users\maiad\AppData\Local\Programs\Python\Python311\;C:\Users\maiad\AppData\Local\Microsoft\WindowsApps;;C:\Users\maiad\AppData\Local\Programs\Microsoft VS Code\bin;C:\Users\maiad\AppData\Roaming\npm;C:\Users\maiad\.dotnet\tools;C:\Users\maiad\AppData\Local\Programs\mongosh\;C:\Program Files\JetBrains\IntelliJ IDEA Community Edition 2023.3.3\bin;
USERNAME=maiad
OS=Windows_NT
PROCESSOR_IDENTIFIER=Intel64 Family 6 Model 140 Stepping 1, GenuineIntel
TMP=C:\Users\maiad\AppData\Local\Temp
TEMP=C:\Users\maiad\AppData\Local\Temp



---------------  S Y S T E M  ---------------

OS:
 Windows 11 , 64 bit Build 22621 (10.0.22621.2506)
OS uptime: 26 days 12:09 hours

CPU: total 4 (initial active 4) (2 cores per cpu, 2 threads per core) family 6 model 140 stepping 1 microcode 0x8a, cx8, cmov, fxsr, ht, mmx, 3dnowpref, sse, sse2, sse3, ssse3, sse4.1, sse4.2, popcnt, lzcnt, tsc, tscinvbit, avx, avx2, aes, erms, clmul, bmi1, bmi2, adx, avx512f, avx512dq, avx512cd, avx512bw, avx512vl, sha, fma, vzeroupper, avx512_vpopcntdq, avx512_vpclmulqdq, avx512_vaes, avx512_vnni, clflush, clflushopt, clwb, avx512_vbmi2, avx512_vbmi

Memory: 4k page, system-wide physical 3895M (5M free)
TotalPageFile size 15671M (AvailPageFile size 100M)
current process WorkingSet (physical memory assigned to process): 241M, peak: 252M
current process commit charge ("private bytes"): 436M, peak: 439M

vm_info: OpenJDK 64-Bit Server VM (17.0.4.1+1) for windows-amd64 JRE (17.0.4.1+1), built on Aug 17 2022 07:42:43 by "temurin" with MS VC++ 16.7 (VS2019)

END.
